Aug 11 18:25:03  [debug] $backTrace = #0 /home/arjun/Project/cynaweb/aaomnewcivicrm/vendor/civicrm/civicrm-core/CRM/Core/Error.php(239): CRM_Core_Error::backtrace("backTrace", TRUE)
#1 /home/arjun/Project/cynaweb/aaomnewcivicrm/vendor/pear/pear-core-minimal/src/PEAR.php(944): CRM_Core_Error::simpleHandler(Object(DB_Error))
#2 /home/arjun/Project/cynaweb/aaomnewcivicrm/vendor/civicrm/civicrm-core/packages/DB.php(997): PEAR_Error->__construct("DB Error: connect failed", -24, 16, (Array:2), " [nativecode=Unknown database 'aaom2']")
#3 /home/arjun/Project/cynaweb/aaomnewcivicrm/vendor/pear/pear-core-minimal/src/PEAR.php(575): DB_Error->__construct(-24, 16, (Array:2), " [nativecode=Unknown database 'aaom2']")
#4 /home/arjun/Project/cynaweb/aaomnewcivicrm/vendor/pear/pear-core-minimal/src/PEAR.php(223): PEAR->_raiseError(Object(DB_mysqli), NULL, -24, 16, (Array:2), " [nativecode=Unknown database 'aaom2']", "DB_Error", TRUE)
#5 /home/arjun/Project/cynaweb/aaomnewcivicrm/vendor/civicrm/civicrm-core/packages/DB/common.php(1925): PEAR->__call("raiseError", (Array:7))
#6 /home/arjun/Project/cynaweb/aaomnewcivicrm/vendor/civicrm/civicrm-core/packages/DB/mysqli.php(340): DB_common->raiseError(-24, NULL, NULL, " [nativecode=Unknown database 'aaom2']", "Unknown database 'aaom2'")
#7 /home/arjun/Project/cynaweb/aaomnewcivicrm/vendor/civicrm/civicrm-core/packages/DB.php(571): DB_mysqli->connect((Array:10), FALSE)
#8 /home/arjun/Project/cynaweb/aaomnewcivicrm/vendor/civicrm/civicrm-core/packages/DB/DataObject.php(2559): DB::connect((string))
#9 /home/arjun/Project/cynaweb/aaomnewcivicrm/vendor/civicrm/civicrm-core/CRM/Core/DAO.php(474): DB_DataObject->_connect()
#10 /home/arjun/Project/cynaweb/aaomnewcivicrm/vendor/civicrm/civicrm-core/CRM/Core/DAO.php(118): CRM_Core_DAO->initialize()
#11 /home/arjun/Project/cynaweb/aaomnewcivicrm/vendor/civicrm/civicrm-core/CRM/Core/DAO.php(1596): CRM_Core_DAO->__construct()
#12 /home/arjun/Project/cynaweb/aaomnewcivicrm/vendor/civicrm/civicrm-core/CRM/Utils/SQL.php(83): CRM_Core_DAO::singleValueQuery("SELECT @@sql_mode")
#13 /home/arjun/Project/cynaweb/aaomnewcivicrm/vendor/civicrm/civicrm-core/CRM/Core/DAO.php(171): CRM_Utils_SQL::getSqlModes()
#14 /home/arjun/Project/cynaweb/aaomnewcivicrm/vendor/civicrm/civicrm-core/Civi/Core/Container.php(521): CRM_Core_DAO::init("mysql://root:rOOT@12345@localhost:3306/aaom2?new_link=true")
#15 /home/arjun/Project/cynaweb/aaomnewcivicrm/vendor/civicrm/civicrm-core/CRM/Core/Config.php(97): Civi\Core\Container::boot(TRUE)
#16 /home/arjun/Project/cynaweb/aaomnewcivicrm/modules/contrib/civicrm/src/Civicrm.php(61): CRM_Core_Config::singleton()
#17 /home/arjun/Project/cynaweb/aaomnewcivicrm/modules/contrib/civicrm/src/Routing/Routes.php(23): Drupal\civicrm\Civicrm->initialize()
#18 [internal function](): Drupal\civicrm\Routing\Routes->listRoutes()
#19 /home/arjun/Project/cynaweb/aaomnewcivicrm/core/lib/Drupal/Core/Routing/RouteBuilder.php(146): call_user_func((Array:2))
#20 /home/arjun/Project/cynaweb/aaomnewcivicrm/core/lib/Drupal/Core/ProxyClass/Routing/RouteBuilder.php(83): Drupal\Core\Routing\RouteBuilder->rebuild()
#21 /home/arjun/Project/cynaweb/aaomnewcivicrm/core/includes/common.inc(1170): Drupal\Core\ProxyClass\Routing\RouteBuilder->rebuild()
#22 /home/arjun/Project/cynaweb/aaomnewcivicrm/core/includes/utility.inc(52): drupal_flush_all_caches()
#23 /home/arjun/Project/cynaweb/aaomnewcivicrm/vendor/drush/drush/src/Commands/core/CacheCommands.php(221): drupal_rebuild(Object(Composer\Autoload\ClassLoader), Object(Symfony\Component\HttpFoundation\Request))
#24 [internal function](): Drush\Commands\core\CacheCommands->rebuild((Array:22))
#25 /home/arjun/Project/cynaweb/aaomnewcivicrm/vendor/consolidation/annotated-command/src/CommandProcessor.php(257): call_user_func_array((Array:2), (Array:1))
#26 /home/arjun/Project/cynaweb/aaomnewcivicrm/vendor/consolidation/annotated-command/src/CommandProcessor.php(212): Consolidation\AnnotatedCommand\CommandProcessor->runCommandCallback((Array:2), Object(Consolidation\AnnotatedCommand\CommandData))
#27 /home/arjun/Project/cynaweb/aaomnewcivicrm/vendor/consolidation/annotated-command/src/CommandProcessor.php(176): Consolidation\AnnotatedCommand\CommandProcessor->validateRunAndAlter((Array:5), (Array:2), Object(Consolidation\AnnotatedCommand\CommandData))
#28 /home/arjun/Project/cynaweb/aaomnewcivicrm/vendor/consolidation/annotated-command/src/AnnotatedCommand.php(302): Consolidation\AnnotatedCommand\CommandProcessor->process(Object(Symfony\Component\Console\Output\ConsoleOutput), (Array:5), (Array:2), Object(Consolidation\AnnotatedCommand\CommandData))
#29 /home/arjun/Project/cynaweb/aaomnewcivicrm/vendor/symfony/console/Command/Command.php(255): Consolidation\AnnotatedCommand\AnnotatedCommand->execute(Object(Drush\Symfony\DrushArgvInput), Object(Symfony\Component\Console\Output\ConsoleOutput))
#30 /home/arjun/Project/cynaweb/aaomnewcivicrm/vendor/symfony/console/Application.php(1005): Symfony\Component\Console\Command\Command->run(Object(Drush\Symfony\DrushArgvInput), Object(Symfony\Component\Console\Output\ConsoleOutput))
#31 /home/arjun/Project/cynaweb/aaomnewcivicrm/vendor/symfony/console/Application.php(255): Symfony\Component\Console\Application->doRunCommand(Object(Consolidation\AnnotatedCommand\AnnotatedCommand), Object(Drush\Symfony\DrushArgvInput), Object(Symfony\Component\Console\Output\ConsoleOutput))
#32 /home/arjun/Project/cynaweb/aaomnewcivicrm/vendor/symfony/console/Application.php(148): Symfony\Component\Console\Application->doRun(Object(Drush\Symfony\DrushArgvInput), Object(Symfony\Component\Console\Output\ConsoleOutput))
#33 /home/arjun/Project/cynaweb/aaomnewcivicrm/vendor/drush/drush/src/Runtime/Runtime.php(118): Symfony\Component\Console\Application->run(Object(Drush\Symfony\DrushArgvInput), Object(Symfony\Component\Console\Output\ConsoleOutput))
#34 /home/arjun/Project/cynaweb/aaomnewcivicrm/vendor/drush/drush/src/Runtime/Runtime.php(49): Drush\Runtime\Runtime->doRun((Array:2), Object(Symfony\Component\Console\Output\ConsoleOutput))
#35 /home/arjun/Project/cynaweb/aaomnewcivicrm/vendor/drush/drush/drush.php(72): Drush\Runtime\Runtime->run((Array:2))
#36 /home/arjun/Project/cynaweb/aaomnewcivicrm/vendor/drush/drush/drush(4): require("/home/arjun/Project/cynaweb/aaomnewcivicrm/vendor/drush/drush/drush.php")
#37 {main}


Aug 11 18:25:03  [debug] $backTrace = #0 /home/arjun/Project/cynaweb/aaomnewcivicrm/vendor/civicrm/civicrm-core/CRM/Core/Error.php(239): CRM_Core_Error::backtrace("backTrace", TRUE)
#1 /home/arjun/Project/cynaweb/aaomnewcivicrm/vendor/pear/pear-core-minimal/src/PEAR.php(944): CRM_Core_Error::simpleHandler(Object(DB_Error))
#2 /home/arjun/Project/cynaweb/aaomnewcivicrm/vendor/civicrm/civicrm-core/packages/DB.php(997): PEAR_Error->__construct("DB Error: connect failed", -24, 16, (Array:2), " [nativecode=Unknown database 'aaom2']")
#3 /home/arjun/Project/cynaweb/aaomnewcivicrm/vendor/pear/pear-core-minimal/src/PEAR.php(575): DB_Error->__construct(-24, 16, (Array:2), " [nativecode=Unknown database 'aaom2']")
#4 /home/arjun/Project/cynaweb/aaomnewcivicrm/vendor/pear/pear-core-minimal/src/PEAR.php(223): PEAR->_raiseError(Object(DB_mysqli), NULL, -24, 16, (Array:2), " [nativecode=Unknown database 'aaom2']", "DB_Error", TRUE)
#5 /home/arjun/Project/cynaweb/aaomnewcivicrm/vendor/civicrm/civicrm-core/packages/DB/common.php(1925): PEAR->__call("raiseError", (Array:7))
#6 /home/arjun/Project/cynaweb/aaomnewcivicrm/vendor/civicrm/civicrm-core/packages/DB/mysqli.php(340): DB_common->raiseError(-24, NULL, NULL, " [nativecode=Unknown database 'aaom2']", "Unknown database 'aaom2'")
#7 /home/arjun/Project/cynaweb/aaomnewcivicrm/vendor/civicrm/civicrm-core/packages/DB.php(571): DB_mysqli->connect((Array:10), FALSE)
#8 /home/arjun/Project/cynaweb/aaomnewcivicrm/vendor/civicrm/civicrm-core/packages/DB/DataObject.php(2559): DB::connect((string))
#9 /home/arjun/Project/cynaweb/aaomnewcivicrm/vendor/civicrm/civicrm-core/CRM/Core/DAO.php(474): DB_DataObject->_connect()
#10 /home/arjun/Project/cynaweb/aaomnewcivicrm/vendor/civicrm/civicrm-core/CRM/Core/DAO.php(118): CRM_Core_DAO->initialize()
#11 /home/arjun/Project/cynaweb/aaomnewcivicrm/vendor/civicrm/civicrm-core/CRM/Core/DAO.php(1514): CRM_Core_DAO->__construct()
#12 /home/arjun/Project/cynaweb/aaomnewcivicrm/vendor/civicrm/civicrm-core/Civi/Core/SettingsBag.php(135): CRM_Core_DAO::executeQuery("SELECT id, name, value, domain_id, contact_id, is_domain, component_id, creat...")
#13 /home/arjun/Project/cynaweb/aaomnewcivicrm/vendor/civicrm/civicrm-core/Civi/Core/SettingsManager.php(157): Civi\Core\SettingsBag->loadValues()
#14 /home/arjun/Project/cynaweb/aaomnewcivicrm/vendor/civicrm/civicrm-core/Civi.php(144): Civi\Core\SettingsManager->getBagByDomain(1)
#15 /home/arjun/Project/cynaweb/aaomnewcivicrm/vendor/civicrm/civicrm-core/CRM/Core/Config/MagicMerge.php(393): Civi::settings()
#16 /home/arjun/Project/cynaweb/aaomnewcivicrm/vendor/civicrm/civicrm-core/CRM/Core/Config/MagicMerge.php(231): CRM_Core_Config_MagicMerge->getSettings()
#17 /home/arjun/Project/cynaweb/aaomnewcivicrm/vendor/civicrm/civicrm-core/CRM/Core/Error.php(581): CRM_Core_Config_MagicMerge->__get("userFrameworkLogging")
#18 /home/arjun/Project/cynaweb/aaomnewcivicrm/vendor/civicrm/civicrm-core/CRM/Core/Error.php(544): CRM_Core_Error::debug_log_message("$backTrace = #0 /home/arjun/Project/cynaweb/aaomnewcivicrm/vendor/civicrm/civ...", FALSE, "", 7)
#19 /home/arjun/Project/cynaweb/aaomnewcivicrm/vendor/civicrm/civicrm-core/CRM/Core/Error.php(709): CRM_Core_Error::debug_var("backTrace", "#0 /home/arjun/Project/cynaweb/aaomnewcivicrm/vendor/civicrm/civicrm-core/CRM...", TRUE, TRUE, "", 7)
#20 /home/arjun/Project/cynaweb/aaomnewcivicrm/vendor/civicrm/civicrm-core/CRM/Core/Error.php(239): CRM_Core_Error::backtrace("backTrace", TRUE)
#21 /home/arjun/Project/cynaweb/aaomnewcivicrm/vendor/pear/pear-core-minimal/src/PEAR.php(944): CRM_Core_Error::simpleHandler(Object(DB_Error))
#22 /home/arjun/Project/cynaweb/aaomnewcivicrm/vendor/civicrm/civicrm-core/packages/DB.php(997): PEAR_Error->__construct("DB Error: connect failed", -24, 16, (Array:2), " [nativecode=Unknown database 'aaom2']")
#23 /home/arjun/Project/cynaweb/aaomnewcivicrm/vendor/pear/pear-core-minimal/src/PEAR.php(575): DB_Error->__construct(-24, 16, (Array:2), " [nativecode=Unknown database 'aaom2']")
#24 /home/arjun/Project/cynaweb/aaomnewcivicrm/vendor/pear/pear-core-minimal/src/PEAR.php(223): PEAR->_raiseError(Object(DB_mysqli), NULL, -24, 16, (Array:2), " [nativecode=Unknown database 'aaom2']", "DB_Error", TRUE)
#25 /home/arjun/Project/cynaweb/aaomnewcivicrm/vendor/civicrm/civicrm-core/packages/DB/common.php(1925): PEAR->__call("raiseError", (Array:7))
#26 /home/arjun/Project/cynaweb/aaomnewcivicrm/vendor/civicrm/civicrm-core/packages/DB/mysqli.php(340): DB_common->raiseError(-24, NULL, NULL, " [nativecode=Unknown database 'aaom2']", "Unknown database 'aaom2'")
#27 /home/arjun/Project/cynaweb/aaomnewcivicrm/vendor/civicrm/civicrm-core/packages/DB.php(571): DB_mysqli->connect((Array:10), FALSE)
#28 /home/arjun/Project/cynaweb/aaomnewcivicrm/vendor/civicrm/civicrm-core/packages/DB/DataObject.php(2559): DB::connect((string))
#29 /home/arjun/Project/cynaweb/aaomnewcivicrm/vendor/civicrm/civicrm-core/CRM/Core/DAO.php(474): DB_DataObject->_connect()
#30 /home/arjun/Project/cynaweb/aaomnewcivicrm/vendor/civicrm/civicrm-core/CRM/Core/DAO.php(118): CRM_Core_DAO->initialize()
#31 /home/arjun/Project/cynaweb/aaomnewcivicrm/vendor/civicrm/civicrm-core/CRM/Core/DAO.php(1596): CRM_Core_DAO->__construct()
#32 /home/arjun/Project/cynaweb/aaomnewcivicrm/vendor/civicrm/civicrm-core/CRM/Utils/SQL.php(83): CRM_Core_DAO::singleValueQuery("SELECT @@sql_mode")
#33 /home/arjun/Project/cynaweb/aaomnewcivicrm/vendor/civicrm/civicrm-core/CRM/Core/DAO.php(171): CRM_Utils_SQL::getSqlModes()
#34 /home/arjun/Project/cynaweb/aaomnewcivicrm/vendor/civicrm/civicrm-core/Civi/Core/Container.php(521): CRM_Core_DAO::init("mysql://root:rOOT@12345@localhost:3306/aaom2?new_link=true")
#35 /home/arjun/Project/cynaweb/aaomnewcivicrm/vendor/civicrm/civicrm-core/CRM/Core/Config.php(97): Civi\Core\Container::boot(TRUE)
#36 /home/arjun/Project/cynaweb/aaomnewcivicrm/modules/contrib/civicrm/src/Civicrm.php(61): CRM_Core_Config::singleton()
#37 /home/arjun/Project/cynaweb/aaomnewcivicrm/modules/contrib/civicrm/src/Routing/Routes.php(23): Drupal\civicrm\Civicrm->initialize()
#38 [internal function](): Drupal\civicrm\Routing\Routes->listRoutes()
#39 /home/arjun/Project/cynaweb/aaomnewcivicrm/core/lib/Drupal/Core/Routing/RouteBuilder.php(146): call_user_func((Array:2))
#40 /home/arjun/Project/cynaweb/aaomnewcivicrm/core/lib/Drupal/Core/ProxyClass/Routing/RouteBuilder.php(83): Drupal\Core\Routing\RouteBuilder->rebuild()
#41 /home/arjun/Project/cynaweb/aaomnewcivicrm/core/includes/common.inc(1170): Drupal\Core\ProxyClass\Routing\RouteBuilder->rebuild()
#42 /home/arjun/Project/cynaweb/aaomnewcivicrm/core/includes/utility.inc(52): drupal_flush_all_caches()
#43 /home/arjun/Project/cynaweb/aaomnewcivicrm/vendor/drush/drush/src/Commands/core/CacheCommands.php(221): drupal_rebuild(Object(Composer\Autoload\ClassLoader), Object(Symfony\Component\HttpFoundation\Request))
#44 [internal function](): Drush\Commands\core\CacheCommands->rebuild((Array:22))
#45 /home/arjun/Project/cynaweb/aaomnewcivicrm/vendor/consolidation/annotated-command/src/CommandProcessor.php(257): call_user_func_array((Array:2), (Array:1))
#46 /home/arjun/Project/cynaweb/aaomnewcivicrm/vendor/consolidation/annotated-command/src/CommandProcessor.php(212): Consolidation\AnnotatedCommand\CommandProcessor->runCommandCallback((Array:2), Object(Consolidation\AnnotatedCommand\CommandData))
#47 /home/arjun/Project/cynaweb/aaomnewcivicrm/vendor/consolidation/annotated-command/src/CommandProcessor.php(176): Consolidation\AnnotatedCommand\CommandProcessor->validateRunAndAlter((Array:5), (Array:2), Object(Consolidation\AnnotatedCommand\CommandData))
#48 /home/arjun/Project/cynaweb/aaomnewcivicrm/vendor/consolidation/annotated-command/src/AnnotatedCommand.php(302): Consolidation\AnnotatedCommand\CommandProcessor->process(Object(Symfony\Component\Console\Output\ConsoleOutput), (Array:5), (Array:2), Object(Consolidation\AnnotatedCommand\CommandData))
#49 /home/arjun/Project/cynaweb/aaomnewcivicrm/vendor/symfony/console/Command/Command.php(255): Consolidation\AnnotatedCommand\AnnotatedCommand->execute(Object(Drush\Symfony\DrushArgvInput), Object(Symfony\Component\Console\Output\ConsoleOutput))
#50 /home/arjun/Project/cynaweb/aaomnewcivicrm/vendor/symfony/console/Application.php(1005): Symfony\Component\Console\Command\Command->run(Object(Drush\Symfony\DrushArgvInput), Object(Symfony\Component\Console\Output\ConsoleOutput))
#51 /home/arjun/Project/cynaweb/aaomnewcivicrm/vendor/symfony/console/Application.php(255): Symfony\Component\Console\Application->doRunCommand(Object(Consolidation\AnnotatedCommand\AnnotatedCommand), Object(Drush\Symfony\DrushArgvInput), Object(Symfony\Component\Console\Output\ConsoleOutput))
#52 /home/arjun/Project/cynaweb/aaomnewcivicrm/vendor/symfony/console/Application.php(148): Symfony\Component\Console\Application->doRun(Object(Drush\Symfony\DrushArgvInput), Object(Symfony\Component\Console\Output\ConsoleOutput))
#53 /home/arjun/Project/cynaweb/aaomnewcivicrm/vendor/drush/drush/src/Runtime/Runtime.php(118): Symfony\Component\Console\Application->run(Object(Drush\Symfony\DrushArgvInput), Object(Symfony\Component\Console\Output\ConsoleOutput))
#54 /home/arjun/Project/cynaweb/aaomnewcivicrm/vendor/drush/drush/src/Runtime/Runtime.php(49): Drush\Runtime\Runtime->doRun((Array:2), Object(Symfony\Component\Console\Output\ConsoleOutput))
#55 /home/arjun/Project/cynaweb/aaomnewcivicrm/vendor/drush/drush/drush.php(72): Drush\Runtime\Runtime->run((Array:2))
#56 /home/arjun/Project/cynaweb/aaomnewcivicrm/vendor/drush/drush/drush(4): require("/home/arjun/Project/cynaweb/aaomnewcivicrm/vendor/drush/drush/drush.php")
#57 {main}


